<?xml version="1.0" encoding="UTF-8"?>
<testsuite xmlns:xsi="http://www.w3.org/2001/XMLSchema-instance" xsi:noNamespaceSchemaLocation="https://maven.apache.org/surefire/maven-surefire-plugin/xsd/surefire-test-report.xsd" version="3.0.2" name="com.example.bff.BffApplicationTests" time="3.135" tests="1" errors="0" skipped="0" failures="0">
  <properties>
[...]
</properties>
  <testcase name="contextLoads" classname="com.example.bff.BffApplicationTests" time="0.944">
    <system-out><![CDATA[16:19:17.609 [main] INFO org.springframework.test.context.support.AnnotationConfigContextLoaderUtils -- Could not detect default configuration classes for test class [com.example.bff.BffApplicationTests]: BffApplicationTests does not declare any static, non-private, non-final, nested classes annotated with @Configuration.
16:19:17.709 [main] INFO org.springframework.boot.test.context.SpringBootTestContextBootstrapper -- Found @SpringBootConfiguration com.example.bff.BffApplication for test class com.example.bff.BffApplicationTests
16:19:17.881 [main] INFO org.springframework.boot.devtools.restart.RestartApplicationListener -- Restart disabled due to context in which it is running

  .   ____          _            __ _ _
 /\\ / ___'_ __ _ _(_)_ __  __ _ \ \ \ \
( ( )\___ | '_ | '_| | '_ \/ _` | \ \ \ \
 \\/  ___)| |_)| | | | | || (_| |  ) ) ) )
  '  |____| .__|_| |_|_| |_\__, | / / / /
 =========|_|==============|___/=/_/_/_/

 :: Spring Boot ::                (v3.4.4)

2025-04-13T16:19:18.118-04:00  INFO 22588 --- [bff] [           main] com.example.bff.BffApplicationTests      : Starting BffApplicationTests using Java 17.0.12 with PID 22588 (started by ignac in c:\Users\ignac\Documents\GitHub\bff)
2025-04-13T16:19:18.121-04:00  INFO 22588 --- [bff] [           main] com.example.bff.BffApplicationTests      : No active profile set, falling back to 1 default profile: "default"
2025-04-13T16:19:19.667-04:00  INFO 22588 --- [bff] [           main] com.example.bff.BffApplicationTests      : Started BffApplicationTests in 1.801 seconds (process running for 2.63)
]]></system-out>
  </testcase>
</testsuite>